  utils.cpp
  SteeringBehavior.cpp
  SDL_SimpleApp.cpp
  ScenePathFinding3.cpp
  ScenePathFinding2.cpp
  ScenePathFinding.cpp
c:\users\mmolina\documents\programacio_ex2\src\connection.h(8): error C2061: syntax error: identifier 'Node'
c:\users\mmolina\documents\programacio_ex2\src\connection.h(15): error C3646: 'GetFromNode': unknown override specifier
c:\users\mmolina\documents\programacio_ex2\src\connection.h(15): error C2059: syntax error: '('
c:\users\mmolina\documents\programacio_ex2\src\connection.h(15): error C2238: unexpected token(s) preceding ';'
c:\users\mmolina\documents\programacio_ex2\src\connection.h(18): error C3646: 'GetToNode': unknown override specifier
c:\users\mmolina\documents\programacio_ex2\src\connection.h(18): error C2059: syntax error: '('
c:\users\mmolina\documents\programacio_ex2\src\connection.h(18): error C2238: unexpected token(s) preceding ';'
c:\users\mmolina\documents\programacio_ex2\src\connection.h(20): error C3646: 'from': unknown override specifier
c:\users\mmolina\documents\programacio_ex2\src\connection.h(20): error C2059: syntax error: ','
c:\users\mmolina\documents\programacio_ex2\src\connection.h(20): error C2238: unexpected token(s) preceding ';'
c:\users\mmolina\documents\programacio_ex2\src\scenepathfinding.cpp(301): error C2661: 'Connection::Connection': no overloaded function takes 3 arguments
c:\users\mmolina\documents\programacio_ex2\src\scenepathfinding.cpp(310): error C2661: 'Connection::Connection': no overloaded function takes 3 arguments
c:\users\mmolina\documents\programacio_ex2\src\scenepathfinding.cpp(319): error C2661: 'Connection::Connection': no overloaded function takes 3 arguments
c:\users\mmolina\documents\programacio_ex2\src\scenepathfinding.cpp(328): error C2661: 'Connection::Connection': no overloaded function takes 3 arguments
  Node.cpp
c:\users\mmolina\documents\programacio_ex2\src\connection.h(8): error C2061: syntax error: identifier 'Node'
c:\users\mmolina\documents\programacio_ex2\src\connection.h(15): error C3646: 'GetFromNode': unknown override specifier
c:\users\mmolina\documents\programacio_ex2\src\connection.h(15): error C2059: syntax error: '('
c:\users\mmolina\documents\programacio_ex2\src\connection.h(15): error C2238: unexpected token(s) preceding ';'
c:\users\mmolina\documents\programacio_ex2\src\connection.h(18): error C3646: 'GetToNode': unknown override specifier
c:\users\mmolina\documents\programacio_ex2\src\connection.h(18): error C2059: syntax error: '('
c:\users\mmolina\documents\programacio_ex2\src\connection.h(18): error C2238: unexpected token(s) preceding ';'
c:\users\mmolina\documents\programacio_ex2\src\connection.h(20): error C3646: 'from': unknown override specifier
c:\users\mmolina\documents\programacio_ex2\src\connection.h(20): error C2059: syntax error: ','
c:\users\mmolina\documents\programacio_ex2\src\connection.h(20): error C2238: unexpected token(s) preceding ';'
  main.cpp
  Graph.cpp
c:\users\mmolina\documents\programacio_ex2\src\node.h(15): error C2061: syntax error: identifier 'Connection'
c:\users\mmolina\documents\programacio_ex2\src\node.h(18): error C2065: 'Connection': undeclared identifier
c:\users\mmolina\documents\programacio_ex2\src\node.h(18): error C2923: 'std::vector': 'Connection' is not a valid template type argument for parameter '_Ty'
c:\users\mmolina\documents\programacio_ex2\src\node.h(18): error C3203: 'allocator': unspecialized class template can't be used as a template argument for template parameter '_Alloc', expected a real type
c:\users\mmolina\documents\programacio_ex2\src\node.h(22): error C2065: 'Connection': undeclared identifier
c:\users\mmolina\documents\programacio_ex2\src\node.h(22): error C2923: 'std::vector': 'Connection' is not a valid template type argument for parameter '_Ty'
c:\users\mmolina\documents\programacio_ex2\src\node.h(22): error C3203: 'allocator': unspecialized class template can't be used as a template argument for template parameter '_Alloc', expected a real type
c:\users\mmolina\documents\programacio_ex2\src\graph.cpp(15): error C2440: 'return': cannot convert from 'std::vector' to 'std::vector<Connection,std::allocator<_Ty>>'
          with
          [
              _Ty=Connection
          ]
  c:\users\mmolina\documents\programacio_ex2\src\graph.cpp(15): note: No constructor could take the source type, or constructor overload resolution was ambiguous
  Connection.cpp
c:\users\mmolina\documents\programacio_ex2\src\node.h(15): error C2061: syntax error: identifier 'Connection'
c:\users\mmolina\documents\programacio_ex2\src\node.h(18): error C2065: 'Connection': undeclared identifier
c:\users\mmolina\documents\programacio_ex2\src\node.h(18): error C2923: 'std::vector': 'Connection' is not a valid template type argument for parameter '_Ty'
c:\users\mmolina\documents\programacio_ex2\src\node.h(18): error C3203: 'allocator': unspecialized class template can't be used as a template argument for template parameter '_Alloc', expected a real type
c:\users\mmolina\documents\programacio_ex2\src\node.h(22): error C2065: 'Connection': undeclared identifier
c:\users\mmolina\documents\programacio_ex2\src\node.h(22): error C2923: 'std::vector': 'Connection' is not a valid template type argument for parameter '_Ty'
c:\users\mmolina\documents\programacio_ex2\src\node.h(22): error C3203: 'allocator': unspecialized class template can't be used as a template argument for template parameter '_Alloc', expected a real type
  BFS.cpp
  Agent.cpp
  Generating Code...
